
> backend@1.0.0 start
> node app.js

Connexion à la base de données réussie.
✅ Connexion à la base de données réussie.
✅ Tables synchronisées
🚀 Serveur démarré sur le port 4000
[LOG] 2025-06-16T09:27:19.457Z - Connexion à la base de données réussie.
[LOG] 2025-06-16T09:27:19.458Z - ✅ Connexion à la base de données réussie.
[LOG] 2025-06-16T09:27:19.469Z - ✅ Tables synchronisées
[LOG] 2025-06-16T09:27:19.471Z - 🚀 Serveur démarré sur le port 4000
[LOG] 2025-06-16T09:33:25.570Z - Connexion à la base de données réussie.
[LOG] 2025-06-16T09:33:25.572Z - ✅ Connexion à la base de données réussie.
[LOG] 2025-06-16T09:33:25.588Z - ✅ Tables synchronisées
[LOG] 2025-06-16T09:33:25.591Z - 🚀 Serveur démarré sur le port 4000
[LOG] 2025-06-16T09:34:21.080Z - ⛑ [REGISTER] req.body =
[LOG] 2025-06-16T09:34:21.278Z - ✅ Utilisateur créé :
[ERROR] 2025-06-17T19:09:59.970Z - Impossible de se connecter à la base de données :
[LOG] 2025-06-17T19:09:59.971Z - ❌ Erreur lors de la connexion/synchronisation :
[LOG] 2025-06-17T19:15:27.010Z - Connexion à la base de données réussie.
[LOG] 2025-06-17T19:15:27.084Z - ✅ Connexion à la base de données réussie.
[LOG] 2025-06-17T19:15:27.375Z - ✅ Tables synchronisées
[LOG] 2025-06-17T19:15:27.380Z - 🚀 Serveur démarré sur le port 4000
[LOG] 2025-06-17T19:26:12.485Z - Connexion à la base de données réussie.
[LOG] 2025-06-17T19:26:12.561Z - ✅ Connexion à la base de données réussie.
[LOG] 2025-06-17T19:26:12.742Z - ✅ Tables synchronisées
[LOG] 2025-06-17T19:26:12.750Z - 🚀 Serveur démarré sur le port 4000
[LOG] 2025-06-17T19:30:38.137Z - Connexion à la base de données réussie.
[LOG] 2025-06-17T19:30:38.140Z - ✅ Connexion à la base de données réussie.
[LOG] 2025-06-17T19:30:38.319Z - ✅ Tables synchronisées
[LOG] 2025-06-17T19:30:38.323Z - 🚀 Serveur démarré sur le port 4000
[LOG] 2025-06-17T19:34:48.503Z - Connexion à la base de données réussie.
[LOG] 2025-06-17T19:34:48.505Z - ✅ Connexion à la base de données réussie.
[LOG] 2025-06-17T19:34:48.684Z - ✅ Tables synchronisées
[LOG] 2025-06-17T19:34:48.689Z - 🚀 Serveur démarré sur le port 4000
[LOG] 2025-06-17T21:09:08.151Z - Connexion à la base de données réussie.
[LOG] 2025-06-17T21:09:08.156Z - ✅ Connexion à la base de données réussie.
[LOG] 2025-06-17T21:09:08.402Z - ✅ Tables synchronisées
[LOG] 2025-06-17T21:09:08.409Z - 🚀 Serveur démarré sur le port 4000
[LOG] 2025-06-17T21:13:25.736Z - Connexion à la base de données réussie.
[LOG] 2025-06-17T21:13:25.837Z - ✅ Connexion à la base de données réussie.
[LOG] 2025-06-17T21:13:26.078Z - ✅ Tables synchronisées
[LOG] 2025-06-17T21:13:26.085Z - 🚀 Serveur démarré sur le port 4000
[LOG] 2025-06-17T21:18:50.921Z - Connexion à la base de données réussie.
[LOG] 2025-06-17T21:18:50.933Z - ✅ Connexion à la base de données réussie.
[LOG] 2025-06-17T21:18:51.140Z - ✅ Tables synchronisées
[LOG] 2025-06-17T21:18:51.144Z - 🚀 Serveur démarré sur le port 4000
[LOG] 2025-06-30T14:29:32.003Z - Connexion à la base de données réussie.
[LOG] 2025-06-30T14:29:32.007Z - ✅ Connexion à la base de données réussie.
[LOG] 2025-06-30T14:29:32.186Z - ✅ Tables synchronisées
[LOG] 2025-06-30T14:29:32.189Z - 🚀 Serveur démarré sur le port 4000
[LOG] 2025-07-03T22:16:59.208Z - Connexion à la base de données réussie.
[LOG] 2025-07-03T22:16:59.214Z - ✅ Connexion à la base de données réussie.
[LOG] 2025-07-03T22:16:59.383Z - ✅ Tables synchronisées
[LOG] 2025-07-03T22:16:59.388Z - 🚀 Serveur démarré sur le port 4000
[ERROR] 2025-07-05T12:12:21.150Z - Impossible de se connecter à la base de données :
[ERROR] 2025-07-06T08:59:38.697Z - Impossible de se connecter à la base de données :
[ERROR] 2025-07-07T02:35:30.686Z - Impossible de se connecter à la base de données :
[ERROR] 2025-07-07T23:55:47.427Z - Impossible de se connecter à la base de données :
[ERROR] 2025-07-07T23:56:26.661Z - Impossible de se connecter à la base de données :
[ERROR] 2025-07-08T01:31:08.830Z - Impossible de se connecter à la base de données :
[ERROR] 2025-07-08T07:57:01.133Z - Impossible de se connecter à la base de données :
[LOG] 2025-07-08T10:16:22.591Z - Connexion à la base de données locale (DEV)
[LOG] 2025-07-08T10:16:22.594Z - ✅ Connexion à la base de données réussie.
[LOG] 2025-07-08T10:16:22.745Z - ✅ Tables synchronisées
[LOG] 2025-07-08T10:16:22.762Z - 🚀 Serveur démarré sur le port 4000
[LOG] 2025-07-08T14:44:30.700Z - Connexion à la base de données cloud (PROD)
[LOG] 2025-07-08T14:44:30.790Z - ✅ Connexion à la base de données réussie.
[LOG] 2025-07-08T14:44:31.032Z - ✅ Tables synchronisées
[LOG] 2025-07-08T14:44:31.041Z - 🚀 Serveur démarré sur le port 4000
[LOG] 2025-07-08T14:55:43.686Z - Connexion à la base de données cloud (PROD)
[LOG] 2025-07-08T14:55:43.730Z - ✅ Connexion à la base de données réussie.
[LOG] 2025-07-08T14:55:43.964Z - ✅ Tables synchronisées
[LOG] 2025-07-08T14:55:43.969Z - 🚀 Serveur démarré sur le port 4000
[LOG] 2025-07-08T15:03:45.945Z - Connexion à la base de données cloud (PROD)
[LOG] 2025-07-08T15:03:46.007Z - ✅ Connexion à la base de données réussie.
[LOG] 2025-07-08T15:03:46.229Z - ✅ Tables synchronisées
[LOG] 2025-07-08T15:03:46.236Z - 🚀 Serveur démarré sur le port 4000
[LOG] 2025-07-08T15:20:30.116Z - Connexion à la base de données cloud (PROD)
[LOG] 2025-07-08T15:20:30.136Z - ✅ Connexion à la base de données réussie.
[LOG] 2025-07-08T15:20:30.358Z - ✅ Tables synchronisées
[LOG] 2025-07-08T15:20:30.363Z - 🚀 Serveur démarré sur le port 4000
[LOG] 2025-07-08T15:23:00.158Z - Connexion à la base de données cloud (PROD)
[LOG] 2025-07-08T15:23:00.239Z - ✅ Connexion à la base de données réussie.
[LOG] 2025-07-08T15:23:00.447Z - ✅ Tables synchronisées
[LOG] 2025-07-08T15:23:00.453Z - 🚀 Serveur démarré sur le port 4000
[LOG] 2025-07-08T15:38:14.765Z - ✅ Connexion à la base de données réussie.
[LOG] 2025-07-08T15:38:14.768Z - ✅ Connexion à la base de données réussie.
[LOG] 2025-07-08T15:38:14.972Z - ✅ Tables synchronisées
[LOG] 2025-07-08T15:38:14.981Z - 🚀 Serveur démarré sur le port 4000
[LOG] 2025-07-08T15:49:50.345Z - ✅ Connexion à la base de données réussie.
[LOG] 2025-07-08T15:49:50.347Z - ✅ Connexion à la base de données réussie.
[LOG] 2025-07-08T15:49:50.537Z - ✅ Tables synchronisées
[LOG] 2025-07-08T15:49:50.541Z - 🚀 Serveur démarré sur le port 4000
[LOG] 2025-07-08T15:50:22.487Z - ✅ Connexion à la base de données réussie.
[LOG] 2025-07-08T15:50:22.489Z - ✅ Connexion à la base de données réussie.
[LOG] 2025-07-08T15:50:22.676Z - ✅ Tables synchronisées
[LOG] 2025-07-08T15:50:22.682Z - 🚀 Serveur démarré sur le port 4000
[LOG] 2025-07-08T16:11:59.181Z - ✅ Connexion à la base de données cloud (PROD)
[LOG] 2025-07-08T16:11:59.280Z - ✅ Connexion à la base de données réussie.
[LOG] 2025-07-08T16:11:59.513Z - ✅ Tables synchronisées
[LOG] 2025-07-08T16:11:59.521Z - 🚀 Serveur démarré sur le port 4000
[LOG] 2025-07-08T16:24:00.619Z - ✅ Connexion à la base de données cloud (PROD)
[LOG] 2025-07-08T16:24:00.621Z - ✅ Connexion à la base de données réussie.
[LOG] 2025-07-08T16:24:00.787Z - ✅ Tables synchronisées
[LOG] 2025-07-08T16:24:00.791Z - 🚀 Serveur démarré sur le port 4000
[LOG] 2025-07-08T16:33:09.422Z - ✅ Connexion à la base de données cloud (PROD)
[LOG] 2025-07-08T16:33:09.493Z - ✅ Connexion à la base de données réussie.
[LOG] 2025-07-08T16:33:09.661Z - ✅ Tables synchronisées
[LOG] 2025-07-08T16:33:09.668Z - 🚀 Serveur démarré sur le port 4000
[LOG] 2025-07-10T00:43:57.224Z - ✅ Connexion à la base de données cloud (PROD)
[LOG] 2025-07-10T00:43:57.230Z - ✅ Connexion à la base de données réussie.
[LOG] 2025-07-10T00:43:57.525Z - ✅ Tables synchronisées
[LOG] 2025-07-10T00:43:57.533Z - 🚀 Serveur démarré sur le port 4000
[LOG] 2025-07-10T00:47:48.647Z - ✅ Connexion à la base de données cloud (PROD)
[LOG] 2025-07-10T00:47:48.789Z - ✅ Connexion à la base de données réussie.
[LOG] 2025-07-10T00:47:49.038Z - ✅ Tables synchronisées
[LOG] 2025-07-10T00:47:49.042Z - 🚀 Serveur démarré sur le port 4000
[LOG] 2025-07-10T00:47:49.686Z - ✅ Tables créées dans auth_db
[LOG] 2025-07-10T00:48:41.070Z - ✅ Connexion à la base de données cloud (PROD)
[LOG] 2025-07-10T00:48:41.077Z - ✅ Connexion à la base de données réussie.
[LOG] 2025-07-10T00:48:41.688Z - ✅ Tables synchronisées
[LOG] 2025-07-10T00:48:41.695Z - 🚀 Serveur démarré sur le port 4000
[LOG] 2025-07-10T00:48:42.090Z - ✅ Tables créées dans auth_db
[LOG] 2025-07-10T01:02:42.987Z - ✅ Connexion à la base de données postgresql://postgres:DOvpVFPVEBlQLdXdVsEWRzpHRqCgBXfn@gondola.proxy.rlwy.net:39827/railway
[LOG] 2025-07-10T01:02:42.990Z - ✅ Connexion à la base de données réussie.
[LOG] 2025-07-10T01:02:43.621Z - ✅ Tables synchronisées
[LOG] 2025-07-10T01:02:43.640Z - 🚀 Serveur démarré sur le port 4000
[LOG] 2025-07-10T01:02:44.197Z - ✅ Tables créées dans auth_db
[LOG] 2025-07-10T01:03:27.060Z - ✅ Connexion à la base de données postgresql://postgres:DOvpVFPVEBlQLdXdVsEWRzpHRqCgBXfn@gondola.proxy.rlwy.net:39827/railway
[LOG] 2025-07-10T01:03:27.109Z - ✅ Connexion à la base de données réussie.
[LOG] 2025-07-10T01:03:27.437Z - ✅ Tables synchronisées
[LOG] 2025-07-10T01:03:27.445Z - 🚀 Serveur démarré sur le port 4000
[LOG] 2025-07-10T01:03:27.799Z - ✅ Tables créées dans auth_db
[LOG] 2025-07-10T01:05:34.523Z - ✅ Connexion à la base de données postgresql://postgres:DOvpVFPVEBlQLdXdVsEWRzpHRqCgBXfn@gondola.proxy.rlwy.net:39827/railway
[LOG] 2025-07-10T01:05:34.526Z - ✅ Connexion à la base de données réussie.
[LOG] 2025-07-10T01:05:35.263Z - ✅ Tables synchronisées
[LOG] 2025-07-10T01:05:35.275Z - 🚀 Serveur démarré sur le port 4000
[LOG] 2025-07-10T01:05:35.876Z - ✅ Tables créées dans auth_db
[LOG] 2025-07-10T01:05:55.352Z - ✅ Connexion à la base de données postgresql://postgres:DOvpVFPVEBlQLdXdVsEWRzpHRqCgBXfn@gondola.proxy.rlwy.net:39827/railway
[LOG] 2025-07-10T01:05:55.357Z - ✅ Connexion à la base de données réussie.
[ERROR] 2025-07-10T01:05:56.140Z - ❌ Erreur lors de la connexion/synchronisation :
[LOG] 2025-07-10T01:07:08.078Z - ✅ Connexion à la base de données postgresql://postgres:DOvpVFPVEBlQLdXdVsEWRzpHRqCgBXfn@gondola.proxy.rlwy.net:39827/railway
[LOG] 2025-07-10T01:07:08.153Z - ✅ Connexion à la base de données réussie.
[LOG] 2025-07-10T01:07:08.530Z - ✅ Tables synchronisées
[LOG] 2025-07-10T01:07:08.534Z - 🚀 Serveur démarré sur le port 4000
[LOG] 2025-07-10T01:07:08.823Z - ✅ Tables créées dans auth_db
[LOG] 2025-07-10T01:41:45.199Z - ✅ Connexion à la base de données postgresql://postgres:DOvpVFPVEBlQLdXdVsEWRzpHRqCgBXfn@gondola.proxy.rlwy.net:39827/railway
[LOG] 2025-07-10T01:41:45.210Z - ✅ Connexion à la base de données réussie.
[ERROR] 2025-07-10T01:41:46.477Z - ❌ Erreur lors de la connexion/synchronisation :
[LOG] 2025-07-10T01:51:25.560Z - ✅ Connexion à la base de données postgresql://postgres:DOvpVFPVEBlQLdXdVsEWRzpHRqCgBXfn@gondola.proxy.rlwy.net:39827/railway
[LOG] 2025-07-10T01:51:25.723Z - ✅ Connexion à la base de données postgresql://postgres:DOvpVFPVEBlQLdXdVsEWRzpHRqCgBXfn@gondola.proxy.rlwy.net:39827/railway
[LOG] 2025-07-10T01:51:26.515Z - ✅ Tables synchronisées avec succès
[LOG] 2025-07-10T01:51:26.626Z - 🚀 Serveur démarré sur le port 4000
[LOG] 2025-07-10T01:58:08.565Z - ✅ Connexion à la base de données postgresql://postgres:DOvpVFPVEBlQLdXdVsEWRzpHRqCgBXfn@gondola.proxy.rlwy.net:39827/railway
[LOG] 2025-07-10T01:58:08.606Z - ✅ Connexion à la base de données postgresql://postgres:DOvpVFPVEBlQLdXdVsEWRzpHRqCgBXfn@gondola.proxy.rlwy.net:39827/railway
[LOG] 2025-07-10T01:58:09.690Z - ✅ Tables synchronisées avec succès
[LOG] 2025-07-10T01:58:09.794Z - 🚀 Serveur démarré sur le port 4000
[LOG] 2025-07-10T02:10:24.070Z - ✅ Connexion à la base de données postgresql://postgres:DOvpVFPVEBlQLdXdVsEWRzpHRqCgBXfn@gondola.proxy.rlwy.net:39827/railway
[LOG] 2025-07-10T02:10:24.200Z - ✅ Connexion à la base de données postgresql://postgres:DOvpVFPVEBlQLdXdVsEWRzpHRqCgBXfn@gondola.proxy.rlwy.net:39827/railway
[LOG] 2025-07-10T02:10:24.943Z - ✅ Tables synchronisées avec succès
[LOG] 2025-07-10T02:10:24.947Z - 🚀 Serveur démarré sur le port 4000
[LOG] 2025-07-10T02:16:16.512Z - ✅ Connexion à la base de données postgresql://postgres:DOvpVFPVEBlQLdXdVsEWRzpHRqCgBXfn@gondola.proxy.rlwy.net:39827/railway
[LOG] 2025-07-10T02:16:16.600Z - ✅ Connexion à la base de données postgresql://postgres:DOvpVFPVEBlQLdXdVsEWRzpHRqCgBXfn@gondola.proxy.rlwy.net:39827/railway
[LOG] 2025-07-10T02:16:17.486Z - ✅ Tables synchronisées avec succès
[LOG] 2025-07-10T02:16:17.492Z - 🚀 Serveur démarré sur le port 4000
[LOG] 2025-07-10T02:18:18.548Z - ✅ Connexion à la base de données postgresql://postgres:DOvpVFPVEBlQLdXdVsEWRzpHRqCgBXfn@gondola.proxy.rlwy.net:39827/railway
[LOG] 2025-07-10T02:18:18.648Z - ✅ Connexion à la base de données postgresql://postgres:DOvpVFPVEBlQLdXdVsEWRzpHRqCgBXfn@gondola.proxy.rlwy.net:39827/railway
[LOG] 2025-07-10T02:18:19.663Z - ✅ Tables synchronisées avec succès
[LOG] 2025-07-10T02:18:19.667Z - 🚀 Serveur démarré sur le port 4000
[LOG] 2025-07-10T02:20:08.397Z - ✅ Connexion à la base de données postgresql://postgres:DOvpVFPVEBlQLdXdVsEWRzpHRqCgBXfn@gondola.proxy.rlwy.net:39827/railway
[LOG] 2025-07-10T02:20:08.431Z - ✅ Connexion à la base de données postgresql://postgres:DOvpVFPVEBlQLdXdVsEWRzpHRqCgBXfn@gondola.proxy.rlwy.net:39827/railway
[LOG] 2025-07-10T02:20:09.300Z - ✅ Tables synchronisées avec succès
[LOG] 2025-07-10T02:20:09.310Z - 🚀 Serveur démarré sur le port 4000
[LOG] 2025-07-10T02:22:27.014Z - ✅ Connexion à la base de données postgresql://postgres:DOvpVFPVEBlQLdXdVsEWRzpHRqCgBXfn@gondola.proxy.rlwy.net:39827/railway
[LOG] 2025-07-10T02:22:27.017Z - ✅ Connexion à la base de données postgresql://postgres:DOvpVFPVEBlQLdXdVsEWRzpHRqCgBXfn@gondola.proxy.rlwy.net:39827/railway
[LOG] 2025-07-10T02:22:27.877Z - ✅ Tables synchronisées avec succès
[LOG] 2025-07-10T02:22:27.884Z - 🚀 Serveur démarré sur le port 4000
[LOG] 2025-07-10T02:37:46.807Z - ✅ Connexion à la base de données postgresql://postgres:DOvpVFPVEBlQLdXdVsEWRzpHRqCgBXfn@gondola.proxy.rlwy.net:39827/railway
[LOG] 2025-07-10T02:37:46.890Z - ✅ Connexion à la base de données postgresql://postgres:DOvpVFPVEBlQLdXdVsEWRzpHRqCgBXfn@gondola.proxy.rlwy.net:39827/railway
[LOG] 2025-07-10T02:37:47.754Z - ✅ Tables synchronisées avec succès
[LOG] 2025-07-10T02:37:47.760Z - 🚀 Serveur démarré sur le port 4000
[LOG] 2025-07-10T03:04:22.224Z - ✅ Connexion à la base de données postgresql://postgres:DOvpVFPVEBlQLdXdVsEWRzpHRqCgBXfn@gondola.proxy.rlwy.net:39827/railway
[LOG] 2025-07-10T03:04:22.349Z - ✅ Connexion à la base de données postgresql://postgres:DOvpVFPVEBlQLdXdVsEWRzpHRqCgBXfn@gondola.proxy.rlwy.net:39827/railway
[LOG] 2025-07-10T03:04:23.189Z - ✅ Tables synchronisées avec succès
[LOG] 2025-07-10T03:04:23.194Z - 🚀 Serveur démarré sur le port 4000
[LOG] 2025-07-10T03:11:04.506Z - ✅ Connexion à la base de données postgresql://postgres:DOvpVFPVEBlQLdXdVsEWRzpHRqCgBXfn@gondola.proxy.rlwy.net:39827/railway
[LOG] 2025-07-10T03:11:04.530Z - ✅ Connexion à la base de données postgresql://postgres:DOvpVFPVEBlQLdXdVsEWRzpHRqCgBXfn@gondola.proxy.rlwy.net:39827/railway
[LOG] 2025-07-10T03:11:05.296Z - ✅ Tables synchronisées avec succès
[LOG] 2025-07-10T03:11:05.302Z - 🚀 Serveur démarré sur le port 4000
[LOG] 2025-07-10T03:22:39.551Z - ✅ Connexion à la base de données postgresql://postgres:DOvpVFPVEBlQLdXdVsEWRzpHRqCgBXfn@gondola.proxy.rlwy.net:39827/railway
[LOG] 2025-07-10T03:22:39.628Z - ✅ Connexion à la base de données postgresql://postgres:DOvpVFPVEBlQLdXdVsEWRzpHRqCgBXfn@gondola.proxy.rlwy.net:39827/railway
[LOG] 2025-07-10T03:22:40.502Z - ✅ Tables synchronisées avec succès
[LOG] 2025-07-10T03:22:40.507Z - 🚀 Serveur démarré sur le port 4000
[LOG] 2025-07-10T03:42:28.482Z - ✅ Connexion à la base de données postgresql://postgres:DOvpVFPVEBlQLdXdVsEWRzpHRqCgBXfn@gondola.proxy.rlwy.net:39827/railway
[LOG] 2025-07-10T03:42:28.489Z - ✅ Connexion à la base de données postgresql://postgres:DOvpVFPVEBlQLdXdVsEWRzpHRqCgBXfn@gondola.proxy.rlwy.net:39827/railway
[LOG] 2025-07-10T03:42:29.273Z - ✅ Tables synchronisées avec succès
[LOG] 2025-07-10T03:42:29.276Z - 🚀 Serveur démarré sur le port 4000
[LOG] 2025-07-10T03:51:53.516Z - ✅ Connexion à la base de données postgresql://postgres:DOvpVFPVEBlQLdXdVsEWRzpHRqCgBXfn@gondola.proxy.rlwy.net:39827/railway
[LOG] 2025-07-10T03:51:53.518Z - ✅ Connexion à la base de données postgresql://postgres:DOvpVFPVEBlQLdXdVsEWRzpHRqCgBXfn@gondola.proxy.rlwy.net:39827/railway
[LOG] 2025-07-10T03:51:54.413Z - ✅ Tables synchronisées avec succès
[LOG] 2025-07-10T03:51:54.419Z - 🚀 Serveur démarré sur le port 4000
[LOG] 2025-07-10T03:55:57.180Z - ✅ Connexion à la base de données postgresql://postgres:DOvpVFPVEBlQLdXdVsEWRzpHRqCgBXfn@gondola.proxy.rlwy.net:39827/railway
[LOG] 2025-07-10T03:55:57.182Z - ✅ Connexion à la base de données postgresql://postgres:DOvpVFPVEBlQLdXdVsEWRzpHRqCgBXfn@gondola.proxy.rlwy.net:39827/railway
[LOG] 2025-07-10T03:55:58.104Z - ✅ Tables synchronisées avec succès
[LOG] 2025-07-10T03:55:58.109Z - 🚀 Serveur démarré sur le port 4000
[LOG] 2025-07-10T04:16:06.119Z - ✅ Connexion à la base de données postgresql://postgres:DOvpVFPVEBlQLdXdVsEWRzpHRqCgBXfn@gondola.proxy.rlwy.net:39827/railway
[LOG] 2025-07-10T04:16:06.195Z - ✅ Connexion à la base de données postgresql://postgres:DOvpVFPVEBlQLdXdVsEWRzpHRqCgBXfn@gondola.proxy.rlwy.net:39827/railway
[LOG] 2025-07-10T04:16:07.310Z - ✅ Tables synchronisées avec succès
[LOG] 2025-07-10T04:16:07.325Z - 🚀 Serveur démarré sur le port 4000
